<?xml version="1.0" encoding="UTF-8"?>
<testsuite name="co.edu.eci.taskplanieti.TaskplanietiApplicationTests" tests="1" skipped="0" failures="0" errors="0" timestamp="2020-10-01T01:18:42" hostname="DESKTOP-P4DO7ND" time="1.059">
  <properties/>
  <testcase name="contextLoads()" classname="co.edu.eci.taskplanieti.TaskplanietiApplicationTests" time="1.059"/>
  <system-out><![CDATA[20:18:31.724 [Test worker] DEBUG org.springframework.test.context.BootstrapUtils - Instantiating CacheAwareContextLoaderDelegate from class [org.springframework.test.context.cache.DefaultCacheAwareContextLoaderDelegate]
20:18:31.777 [Test worker] DEBUG org.springframework.test.context.BootstrapUtils - Instantiating BootstrapContext using constructor [public org.springframework.test.context.support.DefaultBootstrapContext(java.lang.Class,org.springframework.test.context.CacheAwareContextLoaderDelegate)]
20:18:31.896 [Test worker] DEBUG org.springframework.test.context.BootstrapUtils - Instantiating TestContextBootstrapper for test class [co.edu.eci.taskplanieti.TaskplanietiApplicationTests] from class [org.springframework.boot.test.context.SpringBootTestContextBootstrapper]
20:18:31.973 [Test worker] INFO org.springframework.boot.test.context.SpringBootTestContextBootstrapper - Neither @ContextConfiguration nor @ContextHierarchy found for test class [co.edu.eci.taskplanieti.TaskplanietiApplicationTests], using SpringBootContextLoader
20:18:31.986 [Test worker] DEBUG org.springframework.test.context.support.AbstractContextLoader - Did not detect default resource location for test class [co.edu.eci.taskplanieti.TaskplanietiApplicationTests]: class path resource [co/edu/eci/taskplanieti/TaskplanietiApplicationTests-context.xml] does not exist
20:18:31.987 [Test worker] DEBUG org.springframework.test.context.support.AbstractContextLoader - Did not detect default resource location for test class [co.edu.eci.taskplanieti.TaskplanietiApplicationTests]: class path resource [co/edu/eci/taskplanieti/TaskplanietiApplicationTestsContext.groovy] does not exist
20:18:31.988 [Test worker] INFO org.springframework.test.context.support.AbstractContextLoader - Could not detect default resource locations for test class [co.edu.eci.taskplanieti.TaskplanietiApplicationTests]: no resource found for suffixes {-context.xml, Context.groovy}.
20:18:31.991 [Test worker] INFO org.springframework.test.context.support.AnnotationConfigContextLoaderUtils - Could not detect default configuration classes for test class [co.edu.eci.taskplanieti.TaskplanietiApplicationTests]: TaskplanietiApplicationTests does not declare any static, non-private, non-final, nested classes annotated with @Configuration.
20:18:32.179 [Test worker] DEBUG org.springframework.test.context.support.ActiveProfilesUtils - Could not find an 'annotation declaring class' for annotation type [org.springframework.test.context.ActiveProfiles] and class [co.edu.eci.taskplanieti.TaskplanietiApplicationTests]
20:18:32.546 [Test worker] DEBUG org.springframework.context.annotation.ClassPathScanningCandidateComponentProvider - Identified candidate component class: file [C:\Users\Jairo Gomez\Desktop\eci\IETI\taskplanieti\build\classes\java\main\co\edu\eci\taskplanieti\TaskplanietiApplication.class]
20:18:32.563 [Test worker] INFO org.springframework.boot.test.context.SpringBootTestContextBootstrapper - Found @SpringBootConfiguration co.edu.eci.taskplanieti.TaskplanietiApplication for test class co.edu.eci.taskplanieti.TaskplanietiApplicationTests
20:18:33.147 [Test worker] DEBUG org.springframework.boot.test.context.SpringBootTestContextBootstrapper - @TestExecutionListeners is not present for class [co.edu.eci.taskplanieti.TaskplanietiApplicationTests]: using defaults.
20:18:33.150 [Test worker] INFO org.springframework.boot.test.context.SpringBootTestContextBootstrapper - Loaded default TestExecutionListener class names from location [META-INF/spring.factories]: [org.springframework.boot.test.autoconfigure.restdocs.RestDocsTestExecutionListener, org.springframework.boot.test.autoconfigure.web.client.MockRestServiceServerResetTestExecutionListener, org.springframework.boot.test.autoconfigure.web.servlet.MockMvcPrintOnlyOnFailureTestExecutionListener, org.springframework.boot.test.autoconfigure.web.servlet.WebDriverTestExecutionListener, org.springframework.boot.test.autoconfigure.webservices.client.MockWebServiceServerTestExecutionListener, org.springframework.boot.test.mock.mockito.MockitoTestExecutionListener, org.springframework.boot.test.mock.mockito.ResetMocksTestExecutionListener, org.springframework.test.context.web.ServletTestExecutionListener, org.springframework.test.context.support.DirtiesContextBeforeModesTestExecutionListener, org.springframework.test.context.support.DependencyInjectionTestExecutionListener, org.springframework.test.context.support.DirtiesContextTestExecutionListener, org.springframework.test.context.transaction.TransactionalTestExecutionListener, org.springframework.test.context.jdbc.SqlScriptsTestExecutionListener, org.springframework.test.context.event.EventPublishingTestExecutionListener]
20:18:33.210 [Test worker] DEBUG org.springframework.boot.test.context.SpringBootTestContextBootstrapper - Skipping candidate TestExecutionListener [org.springframework.test.context.transaction.TransactionalTestExecutionListener] due to a missing dependency. Specify custom listener classes or make the default listener classes and their required dependencies available. Offending class: [org/springframework/transaction/interceptor/TransactionAttributeSource]
20:18:33.213 [Test worker] DEBUG org.springframework.boot.test.context.SpringBootTestContextBootstrapper - Skipping candidate TestExecutionListener [org.springframework.test.context.jdbc.SqlScriptsTestExecutionListener] due to a missing dependency. Specify custom listener classes or make the default listener classes and their required dependencies available. Offending class: [org/springframework/transaction/interceptor/TransactionAttribute]
20:18:33.215 [Test worker] INFO org.springframework.boot.test.context.SpringBootTestContextBootstrapper - Using TestExecutionListeners: [org.springframework.test.context.web.ServletTestExecutionListener@eb8a192, org.springframework.test.context.support.DirtiesContextBeforeModesTestExecutionListener@6936d3f0, org.springframework.boot.test.mock.mockito.MockitoTestExecutionListener@4db71472, org.springframework.boot.test.autoconfigure.SpringBootDependencyInjectionTestExecutionListener@2b315389, org.springframework.test.context.support.DirtiesContextTestExecutionListener@604ec34c, org.springframework.test.context.event.EventPublishingTestExecutionListener@3f3835e6, org.springframework.boot.test.autoconfigure.restdocs.RestDocsTestExecutionListener@4a59b2f7, org.springframework.boot.test.autoconfigure.web.client.MockRestServiceServerResetTestExecutionListener@6bd51d2e, org.springframework.boot.test.autoconfigure.web.servlet.MockMvcPrintOnlyOnFailureTestExecutionListener@7d97f7bb, org.springframework.boot.test.autoconfigure.web.servlet.WebDriverTestExecutionListener@37e7aea, org.springframework.boot.test.autoconfigure.webservices.client.MockWebServiceServerTestExecutionListener@4b7ae78, org.springframework.boot.test.mock.mockito.ResetMocksTestExecutionListener@47c8efad]
20:18:33.238 [Test worker] DEBUG org.springframework.test.context.support.AbstractDirtiesContextTestExecutionListener - Before test class: context [DefaultTestContext@5e0ae1a1 testClass = TaskplanietiApplicationTests, testInstance = [null], testMethod = [null], testException = [null], mergedContextConfiguration = [WebMergedContextConfiguration@538b5c06 testClass = TaskplanietiApplicationTests, locations = '{}', classes = '{class co.edu.eci.taskplanieti.TaskplanietiApplication}', contextInitializerClasses = '[]', activeProfiles = '{}', propertySourceLocations = '{}', propertySourceProperties = '{org.springframework.boot.test.context.SpringBootTestContextBootstrapper=true}', contextCustomizers = set[org.springframework.boot.test.autoconfigure.properties.PropertyMappingContextCustomizer@0, org.springframework.boot.test.autoconfigure.web.servlet.WebDriverContextCustomizerFactory$Customizer@5513150, org.springframework.boot.test.context.filter.ExcludeFilterContextCustomizer@75c01fe, org.springframework.boot.test.json.DuplicateJsonObjectContextCustomizerFactory$DuplicateJsonObjectContextCustomizer@19c6956, org.springframework.boot.test.mock.mockito.MockitoContextCustomizer@0, org.springframework.boot.test.web.client.TestRestTemplateContextCustomizer@5700f14b, org.springframework.boot.test.context.SpringBootTestArgs@1], resourceBasePath = 'src/main/webapp', contextLoader = 'org.springframework.boot.test.context.SpringBootContextLoader', parent = [null]], attributes = map['org.springframework.test.context.web.ServletTestExecutionListener.activateListener' -> true]], class annotated with @DirtiesContext [false] with mode [null].
20:18:33.341 [Test worker] DEBUG org.springframework.test.context.support.TestPropertySourceUtils - Adding inlined properties to environment: {spring.jmx.enabled=false, org.springframework.boot.test.context.SpringBootTestContextBootstrapper=true}

  .   ____          _            __ _ _
 /\\ / ___'_ __ _ _(_)_ __  __ _ \ \ \ \
( ( )\___ | '_ | '_| | '_ \/ _` | \ \ \ \
 \\/  ___)| |_)| | | | | || (_| |  ) ) ) )
  '  |____| .__|_| |_|_| |_\__, | / / / /
 =========|_|==============|___/=/_/_/_/
 :: Spring Boot ::        (v2.3.4.RELEASE)

2020-09-30 20:18:35.366  INFO 15644 --- [    Test worker] c.e.e.t.TaskplanietiApplicationTests     : Starting TaskplanietiApplicationTests on DESKTOP-P4DO7ND with PID 15644 (started by Jairo Gomez in C:\Users\Jairo Gomez\Desktop\eci\IETI\taskplanieti)
2020-09-30 20:18:35.369  INFO 15644 --- [    Test worker] c.e.e.t.TaskplanietiApplicationTests     : No active profile set, falling back to default profiles: default
2020-09-30 20:18:40.753  INFO 15644 --- [    Test worker] o.s.s.concurrent.ThreadPoolTaskExecutor  : Initializing ExecutorService 'applicationTaskExecutor'
2020-09-30 20:18:42.255  INFO 15644 --- [    Test worker] c.e.e.t.TaskplanietiApplicationTests     : Started TaskplanietiApplicationTests in 8.872 seconds (JVM running for 17.396)
]]></system-out>
  <system-err><![CDATA[]]></system-err>
</testsuite>
